2023-06-20 23:51:41,290 INFO SPI service [com.alipay.sofa.jraft.JRaftServiceFactory - com.alipay.sofa.jraft.core.DefaultJRaftServiceFactory] loading.

2023-06-20 23:51:41,483 INFO SPI service [com.alipay.sofa.jraft.rpc.RaftRpcFactory - com.alipay.sofa.jraft.rpc.impl.GrpcRaftRpcFactory] loading.

2023-06-20 23:51:41,991 INFO SPI service [com.alipay.sofa.jraft.util.JRaftSignalHandler - com.alipay.sofa.jraft.NodeDescribeSignalHandler] loading.

2023-06-20 23:51:41,993 INFO SPI service [com.alipay.sofa.jraft.util.JRaftSignalHandler - com.alipay.sofa.jraft.NodeMetricsSignalHandler] loading.

2023-06-20 23:51:41,994 INFO SPI service [com.alipay.sofa.jraft.util.JRaftSignalHandler - com.alipay.sofa.jraft.ThreadPoolMetricsSignalHandler] loading.

2023-06-20 23:51:42,000 INFO SPI service [com.alipay.sofa.jraft.util.timer.RaftTimerFactory - com.alipay.sofa.jraft.util.timer.DefaultRaftTimerFactory] loading.

2023-06-20 23:51:42,006 INFO The number of active nodes increment to 1.

2023-06-20 23:51:42,597 INFO Starts FSMCaller successfully.

2023-06-20 23:51:42,622 INFO Loading snapshot, meta=last_included_index: 1
last_included_term: 1
peers: "cc1105dcda24:7848"
.

2023-06-20 23:51:43,274 INFO Node <naming_persistent_service_v2/cc1105dcda24:7848> onSnapshotLoadDone, last_included_index: 1
last_included_term: 1
peers: "cc1105dcda24:7848"


2023-06-20 23:51:43,276 INFO Node <naming_persistent_service_v2/cc1105dcda24:7848> target priority value has changed from: 0, to: -1.

2023-06-20 23:51:43,335 INFO Node <naming_persistent_service_v2/cc1105dcda24:7848> init, term=1, lastLogId=LogId [index=1, term=1], conf=cc1105dcda24:7848, oldConf=.

2023-06-20 23:51:43,353 INFO Node <naming_persistent_service_v2/cc1105dcda24:7848> start vote and grant vote self, term=1.

2023-06-20 23:51:43,395 INFO Save raft meta, path=/home/nacos/data/protocol/raft/naming_persistent_service_v2/meta-data, term=2, votedFor=cc1105dcda24:7848, cost time=29 ms

2023-06-20 23:51:43,399 INFO Node <naming_persistent_service_v2/cc1105dcda24:7848> become leader of group, term=2, conf=cc1105dcda24:7848, oldConf=.

2023-06-20 23:51:43,410 INFO -Djraft.recyclers.maxCapacityPerThread: 4096.

2023-06-20 23:51:43,427 INFO onLeaderStart: term=2.

2023-06-20 23:51:43,425 WARN RPC server is not started in RaftGroupService.

2023-06-20 23:51:43,433 ERROR Handle FSMCallerImpl disruptor event error, event is com.alipay.sofa.jraft.core.FSMCallerImpl$ApplyTask@73a555ba

java.lang.NullPointerException: null
	at com.alibaba.nacos.core.distributed.raft.NacosStateMachine.onLeaderStart(NacosStateMachine.java:189)
	at com.alipay.sofa.jraft.core.NodeImpl$ConfigurationChangeDone.run(NodeImpl.java:2309)
	at com.alipay.sofa.jraft.core.FSMCallerImpl.doCommitted(FSMCallerImpl.java:503)
	at com.alipay.sofa.jraft.core.FSMCallerImpl.runApplyTask(FSMCallerImpl.java:442)
	at com.alipay.sofa.jraft.core.FSMCallerImpl.access$100(FSMCallerImpl.java:73)
	at com.alipay.sofa.jraft.core.FSMCallerImpl$ApplyTaskHandler.onEvent(FSMCallerImpl.java:148)
	at com.alipay.sofa.jraft.core.FSMCallerImpl$ApplyTaskHandler.onEvent(FSMCallerImpl.java:142)
	at com.lmax.disruptor.BatchEventProcessor.run(BatchEventProcessor.java:137)
	at java.lang.Thread.run(Thread.java:750)
2023-06-20 23:51:43,433 INFO Start the RaftGroupService successfully.

2023-06-20 23:51:43,527 INFO The number of active nodes increment to 2.

2023-06-20 23:51:43,789 WARN Channel in TRANSIENT_FAILURE state: cc1105dcda24:7848.

2023-06-20 23:51:43,798 WARN Channel in SHUTDOWN state: cc1105dcda24:7848.

2023-06-20 23:51:43,827 INFO Starts FSMCaller successfully.

2023-06-20 23:51:43,837 INFO Loading snapshot, meta=last_included_index: 1
last_included_term: 1
peers: "cc1105dcda24:7848"
.

2023-06-20 23:51:43,847 INFO Node <naming_instance_metadata/cc1105dcda24:7848> onSnapshotLoadDone, last_included_index: 1
last_included_term: 1
peers: "cc1105dcda24:7848"


2023-06-20 23:51:43,849 INFO Node <naming_instance_metadata/cc1105dcda24:7848> target priority value has changed from: 0, to: -1.

2023-06-20 23:51:43,874 INFO Node <naming_instance_metadata/cc1105dcda24:7848> init, term=1, lastLogId=LogId [index=1, term=1], conf=cc1105dcda24:7848, oldConf=.

2023-06-20 23:51:43,877 INFO Node <naming_instance_metadata/cc1105dcda24:7848> start vote and grant vote self, term=1.

2023-06-20 23:51:43,880 INFO Save raft meta, path=/home/nacos/data/protocol/raft/naming_instance_metadata/meta-data, term=2, votedFor=cc1105dcda24:7848, cost time=2 ms

2023-06-20 23:51:43,881 INFO Node <naming_instance_metadata/cc1105dcda24:7848> become leader of group, term=2, conf=cc1105dcda24:7848, oldConf=.

2023-06-20 23:51:43,903 WARN RPC server is not started in RaftGroupService.

2023-06-20 23:51:43,903 INFO onLeaderStart: term=2.

2023-06-20 23:51:43,904 INFO Start the RaftGroupService successfully.

2023-06-20 23:51:43,906 ERROR Handle FSMCallerImpl disruptor event error, event is com.alipay.sofa.jraft.core.FSMCallerImpl$ApplyTask@4e5fa7df

java.lang.NullPointerException: null
	at com.alibaba.nacos.core.distributed.raft.NacosStateMachine.onLeaderStart(NacosStateMachine.java:189)
	at com.alipay.sofa.jraft.core.NodeImpl$ConfigurationChangeDone.run(NodeImpl.java:2309)
	at com.alipay.sofa.jraft.core.FSMCallerImpl.doCommitted(FSMCallerImpl.java:503)
	at com.alipay.sofa.jraft.core.FSMCallerImpl.runApplyTask(FSMCallerImpl.java:442)
	at com.alipay.sofa.jraft.core.FSMCallerImpl.access$100(FSMCallerImpl.java:73)
	at com.alipay.sofa.jraft.core.FSMCallerImpl$ApplyTaskHandler.onEvent(FSMCallerImpl.java:148)
	at com.alipay.sofa.jraft.core.FSMCallerImpl$ApplyTaskHandler.onEvent(FSMCallerImpl.java:142)
	at com.lmax.disruptor.BatchEventProcessor.run(BatchEventProcessor.java:137)
	at java.lang.Thread.run(Thread.java:750)
2023-06-20 23:51:43,922 INFO The number of active nodes increment to 3.

2023-06-20 23:51:44,287 INFO Starts FSMCaller successfully.

2023-06-20 23:51:44,289 INFO Loading snapshot, meta=last_included_index: 1
last_included_term: 1
peers: "cc1105dcda24:7848"
.

2023-06-20 23:51:44,291 INFO Node <naming_service_metadata/cc1105dcda24:7848> onSnapshotLoadDone, last_included_index: 1
last_included_term: 1
peers: "cc1105dcda24:7848"


2023-06-20 23:51:44,291 INFO Node <naming_service_metadata/cc1105dcda24:7848> target priority value has changed from: 0, to: -1.

2023-06-20 23:51:44,324 INFO Node <naming_service_metadata/cc1105dcda24:7848> init, term=1, lastLogId=LogId [index=1, term=1], conf=cc1105dcda24:7848, oldConf=.

2023-06-20 23:51:44,327 INFO Node <naming_service_metadata/cc1105dcda24:7848> start vote and grant vote self, term=1.

2023-06-20 23:51:44,383 INFO Save raft meta, path=/home/nacos/data/protocol/raft/naming_service_metadata/meta-data, term=2, votedFor=cc1105dcda24:7848, cost time=9 ms

2023-06-20 23:51:44,384 INFO Node <naming_service_metadata/cc1105dcda24:7848> become leader of group, term=2, conf=cc1105dcda24:7848, oldConf=.

2023-06-20 23:51:44,395 WARN RPC server is not started in RaftGroupService.

2023-06-20 23:51:44,396 INFO Start the RaftGroupService successfully.

2023-06-20 23:51:44,395 INFO onLeaderStart: term=2.

2023-06-20 23:51:44,803 ERROR Fail to connect cc1105dcda24:7848, remoting exception: java.util.concurrent.ExecutionException: io.grpc.StatusRuntimeException: DEADLINE_EXCEEDED: deadline exceeded after 0.882186458s. [buffered_nanos=885018417, waiting_for_connection].

2023-06-20 23:51:44,809 ERROR Fail to connect peer cc1105dcda24:7848 to get leader for group naming_persistent_service_v2.

