2023-06-20 23:50:59,363 INFO notifyConnectTimeout:200

2023-06-20 23:50:59,370 INFO notifySocketTimeout:8000

2023-06-20 23:50:59,370 INFO isHealthCheck:true

2023-06-20 23:50:59,373 INFO maxHealthCheckFailCount:12

2023-06-20 23:50:59,374 INFO maxContent:10485760

2023-06-20 23:50:59,375 INFO spring.datasource.platform:mysql

2023-06-20 23:51:21,998 INFO notifyConnectTimeout:200

2023-06-20 23:51:22,005 INFO notifySocketTimeout:8000

2023-06-20 23:51:22,007 INFO isHealthCheck:true

2023-06-20 23:51:22,008 INFO maxHealthCheckFailCount:12

2023-06-20 23:51:22,022 INFO maxContent:10485760

2023-06-20 23:51:22,034 INFO spring.datasource.platform:mysql

2023-06-20 23:51:38,978 WARN DumpService start

2023-06-20 23:51:38,981 INFO start clear all config-info.

2023-06-20 23:51:38,986 WARN clear all config-info failed.

2023-06-20 23:51:38,986 WARN clear all config-info-tenant failed.

2023-06-20 23:51:38,992 INFO start clear all config-info-beta.

2023-06-20 23:51:39,000 WARN clear all config-info-beta failed.

2023-06-20 23:51:39,004 WARN clear all config-info-beta-tenant failed.

2023-06-20 23:51:39,010 INFO start clear all config-info-tag.

2023-06-20 23:51:39,019 WARN clear all config-info-tag failed.

2023-06-20 23:51:39,021 WARN clear all config-info-tag-tenant failed.

