2023-05-13 11:24:25,176 INFO PERFORMANCE:|serviceCount|ipCount|subscribeCount|maxPushCost|avgPushCost|totalPushCount|failPushCount

2023-05-13 11:24:25,177 INFO DISTRO:|V1SyncDone|V1SyncFail|V2SyncDone|V2SyncFail|V2VerifyFail|

2023-05-13 11:24:25,178 INFO PERFORMANCE:|0|0|0|-1|-1|0|0

2023-05-13 11:24:25,185 INFO Task worker status: 
naming_0%4, pending tasks: 0
naming_1%4, pending tasks: 0
naming_2%4, pending tasks: 0
naming_3%4, pending tasks: 0


2023-05-13 11:24:25,189 INFO DISTRO:|0|0|0|0|0|

2023-05-13 11:25:25,202 INFO PERFORMANCE:|0|0|0|-1|-1|0|0

2023-05-13 11:25:25,207 INFO Task worker status: 
naming_0%4, pending tasks: 0
naming_1%4, pending tasks: 0
naming_2%4, pending tasks: 0
naming_3%4, pending tasks: 0


2023-05-13 11:25:25,208 INFO DISTRO:|0|0|0|0|0|

2023-05-13 11:26:25,209 INFO PERFORMANCE:|0|0|0|-1|-1|0|0

2023-05-13 11:26:25,217 INFO Task worker status: 
naming_0%4, pending tasks: 0
naming_1%4, pending tasks: 0
naming_2%4, pending tasks: 0
naming_3%4, pending tasks: 0


2023-05-13 11:26:25,223 INFO DISTRO:|0|0|0|0|0|

2023-05-13 11:27:25,225 INFO PERFORMANCE:|0|0|0|-1|-1|0|0

2023-05-13 11:27:25,228 INFO Task worker status: 
naming_0%4, pending tasks: 0
naming_1%4, pending tasks: 0
naming_2%4, pending tasks: 0
naming_3%4, pending tasks: 0


2023-05-13 11:27:25,229 INFO DISTRO:|0|0|0|0|0|

