2023-06-20 23:51:41,181 INFO Initializes the Raft protocol, raft-config info : {}

2023-06-20 23:51:41,727 INFO ========= The raft protocol is starting... =========

2023-06-20 23:51:41,797 INFO ========= The raft protocol start finished... =========

2023-06-20 23:51:41,943 INFO create raft group : naming_persistent_service_v2

2023-06-20 23:51:43,257 INFO This Raft event changes : RaftEvent{groupId='naming_persistent_service_v2', leader='null', term=null, raftClusterInfo=[cc1105dcda24:7848]}

2023-06-20 23:51:43,526 INFO create raft group : naming_instance_metadata

2023-06-20 23:51:43,847 INFO This Raft event changes : RaftEvent{groupId='naming_instance_metadata', leader='null', term=null, raftClusterInfo=[cc1105dcda24:7848]}

2023-06-20 23:51:43,920 INFO create raft group : naming_service_metadata

2023-06-20 23:51:44,290 INFO This Raft event changes : RaftEvent{groupId='naming_service_metadata', leader='null', term=null, raftClusterInfo=[cc1105dcda24:7848]}

2023-06-20 23:51:44,399 INFO This Raft event changes : RaftEvent{groupId='naming_service_metadata', leader='cc1105dcda24:7848', term=2, raftClusterInfo=[cc1105dcda24:7848]}

2023-06-20 23:51:44,810 ERROR Failed to join the cluster, retry...

java.lang.IllegalStateException: Fail to get leader of group naming_persistent_service_v2
	at com.alipay.sofa.jraft.core.CliServiceImpl.getPeers(CliServiceImpl.java:631)
	at com.alipay.sofa.jraft.core.CliServiceImpl.getPeers(CliServiceImpl.java:524)
	at com.alibaba.nacos.core.distributed.raft.JRaftServer.registerSelfToCluster(JRaftServer.java:353)
	at com.alibaba.nacos.core.distributed.raft.JRaftServer.lambda$createMultiRaftGroup$0(JRaftServer.java:264)
	at java.util.concurrent.Executors$RunnableAdapter.call(Executors.java:511)
	at java.util.concurrent.FutureTask.run(FutureTask.java:266)
	at java.util.concurrent.ScheduledThreadPoolExecutor$ScheduledFutureTask.access$201(ScheduledThreadPoolExecutor.java:180)
	at java.util.concurrent.ScheduledThreadPoolExecutor$ScheduledFutureTask.run(ScheduledThreadPoolExecutor.java:293)
	at java.util.concurrent.ThreadPoolExecutor.runWorker(ThreadPoolExecutor.java:1149)
	at java.util.concurrent.ThreadPoolExecutor$Worker.run(ThreadPoolExecutor.java:624)
	at java.lang.Thread.run(Thread.java:750)
