2023-06-20 23:51:39,880 INFO Connection check task start

2023-06-20 23:51:39,928 INFO Total count =0, sdkCount=0,clusterCount=0, currentLimit=-1, toExpelCount=0

2023-06-20 23:51:39,937 INFO Check over limit for ip limit rule, over limit ip count=0

2023-06-20 23:51:39,939 INFO Out dated connection ,size=0

2023-06-20 23:51:39,940 INFO Connection check task end

2023-06-20 23:51:43,222 INFO Connection check task start

2023-06-20 23:51:43,223 INFO Total count =0, sdkCount=0,clusterCount=0, currentLimit=-1, toExpelCount=0

2023-06-20 23:51:43,224 INFO Check over limit for ip limit rule, over limit ip count=0

2023-06-20 23:51:43,224 INFO Out dated connection ,size=0

2023-06-20 23:51:43,228 INFO Connection check task end

2023-06-20 23:51:46,229 INFO Connection check task start

2023-06-20 23:51:46,230 INFO Total count =0, sdkCount=0,clusterCount=0, currentLimit=-1, toExpelCount=0

2023-06-20 23:51:46,230 INFO Check over limit for ip limit rule, over limit ip count=0

2023-06-20 23:51:46,231 INFO Out dated connection ,size=0

2023-06-20 23:51:46,231 INFO Connection check task end

2023-06-20 23:51:49,234 INFO Connection check task start

2023-06-20 23:51:49,236 INFO Total count =0, sdkCount=0,clusterCount=0, currentLimit=-1, toExpelCount=0

2023-06-20 23:51:49,238 INFO Check over limit for ip limit rule, over limit ip count=0

2023-06-20 23:51:49,238 INFO Out dated connection ,size=0

2023-06-20 23:51:49,240 INFO Connection check task end

2023-06-20 23:51:52,241 INFO Connection check task start

2023-06-20 23:51:52,242 INFO Total count =0, sdkCount=0,clusterCount=0, currentLimit=-1, toExpelCount=0

2023-06-20 23:51:52,243 INFO Check over limit for ip limit rule, over limit ip count=0

2023-06-20 23:51:52,244 INFO Out dated connection ,size=0

2023-06-20 23:51:52,245 INFO Connection check task end

2023-06-20 23:51:55,247 INFO Connection check task start

2023-06-20 23:51:55,249 INFO Total count =0, sdkCount=0,clusterCount=0, currentLimit=-1, toExpelCount=0

2023-06-20 23:51:55,250 INFO Check over limit for ip limit rule, over limit ip count=0

2023-06-20 23:51:55,251 INFO Out dated connection ,size=0

2023-06-20 23:51:55,252 INFO Connection check task end

2023-06-20 23:51:58,252 INFO Connection check task start

2023-06-20 23:51:58,254 INFO Total count =0, sdkCount=0,clusterCount=0, currentLimit=-1, toExpelCount=0

2023-06-20 23:51:58,255 INFO Check over limit for ip limit rule, over limit ip count=0

2023-06-20 23:51:58,256 INFO Out dated connection ,size=0

2023-06-20 23:51:58,256 INFO Connection check task end

2023-06-20 23:52:01,257 INFO Connection check task start

2023-06-20 23:52:01,258 INFO Total count =0, sdkCount=0,clusterCount=0, currentLimit=-1, toExpelCount=0

2023-06-20 23:52:01,259 INFO Check over limit for ip limit rule, over limit ip count=0

2023-06-20 23:52:01,260 INFO Out dated connection ,size=0

2023-06-20 23:52:01,260 INFO Connection check task end

2023-06-20 23:52:04,261 INFO Connection check task start

2023-06-20 23:52:04,262 INFO Total count =0, sdkCount=0,clusterCount=0, currentLimit=-1, toExpelCount=0

2023-06-20 23:52:04,262 INFO Check over limit for ip limit rule, over limit ip count=0

2023-06-20 23:52:04,263 INFO Out dated connection ,size=0

2023-06-20 23:52:04,263 INFO Connection check task end

2023-06-20 23:52:07,265 INFO Connection check task start

2023-06-20 23:52:07,266 INFO Total count =0, sdkCount=0,clusterCount=0, currentLimit=-1, toExpelCount=0

2023-06-20 23:52:07,267 INFO Check over limit for ip limit rule, over limit ip count=0

2023-06-20 23:52:07,268 INFO Out dated connection ,size=0

2023-06-20 23:52:07,269 INFO Connection check task end

2023-06-20 23:52:10,274 INFO Connection check task start

2023-06-20 23:52:10,276 INFO Total count =0, sdkCount=0,clusterCount=0, currentLimit=-1, toExpelCount=0

2023-06-20 23:52:10,277 INFO Check over limit for ip limit rule, over limit ip count=0

2023-06-20 23:52:10,278 INFO Out dated connection ,size=0

2023-06-20 23:52:10,279 INFO Connection check task end

2023-06-20 23:52:13,280 INFO Connection check task start

2023-06-20 23:52:13,281 INFO Total count =0, sdkCount=0,clusterCount=0, currentLimit=-1, toExpelCount=0

2023-06-20 23:52:13,283 INFO Check over limit for ip limit rule, over limit ip count=0

2023-06-20 23:52:13,284 INFO Out dated connection ,size=0

2023-06-20 23:52:13,285 INFO Connection check task end

2023-06-20 23:52:16,286 INFO Connection check task start

2023-06-20 23:52:16,287 INFO Total count =0, sdkCount=0,clusterCount=0, currentLimit=-1, toExpelCount=0

2023-06-20 23:52:16,288 INFO Check over limit for ip limit rule, over limit ip count=0

2023-06-20 23:52:16,290 INFO Out dated connection ,size=0

2023-06-20 23:52:16,291 INFO Connection check task end

2023-06-20 23:52:19,292 INFO Connection check task start

2023-06-20 23:52:19,293 INFO Total count =0, sdkCount=0,clusterCount=0, currentLimit=-1, toExpelCount=0

2023-06-20 23:52:19,294 INFO Check over limit for ip limit rule, over limit ip count=0

2023-06-20 23:52:19,295 INFO Out dated connection ,size=0

2023-06-20 23:52:19,296 INFO Connection check task end

2023-06-20 23:52:22,297 INFO Connection check task start

2023-06-20 23:52:22,298 INFO Total count =0, sdkCount=0,clusterCount=0, currentLimit=-1, toExpelCount=0

2023-06-20 23:52:22,299 INFO Check over limit for ip limit rule, over limit ip count=0

2023-06-20 23:52:22,300 INFO Out dated connection ,size=0

2023-06-20 23:52:22,300 INFO Connection check task end

2023-06-20 23:52:25,301 INFO Connection check task start

2023-06-20 23:52:25,304 INFO Total count =0, sdkCount=0,clusterCount=0, currentLimit=-1, toExpelCount=0

2023-06-20 23:52:25,305 INFO Check over limit for ip limit rule, over limit ip count=0

2023-06-20 23:52:25,306 INFO Out dated connection ,size=0

2023-06-20 23:52:25,307 INFO Connection check task end

2023-06-20 23:52:28,308 INFO Connection check task start

2023-06-20 23:52:28,317 INFO Total count =0, sdkCount=0,clusterCount=0, currentLimit=-1, toExpelCount=0

2023-06-20 23:52:28,319 INFO Check over limit for ip limit rule, over limit ip count=0

2023-06-20 23:52:28,321 INFO Out dated connection ,size=0

2023-06-20 23:52:28,322 INFO Connection check task end

2023-06-20 23:52:31,327 INFO Connection check task start

2023-06-20 23:52:31,328 INFO Total count =0, sdkCount=0,clusterCount=0, currentLimit=-1, toExpelCount=0

2023-06-20 23:52:31,329 INFO Check over limit for ip limit rule, over limit ip count=0

2023-06-20 23:52:31,330 INFO Out dated connection ,size=0

2023-06-20 23:52:31,330 INFO Connection check task end

2023-06-20 23:52:34,331 INFO Connection check task start

2023-06-20 23:52:34,333 INFO Total count =0, sdkCount=0,clusterCount=0, currentLimit=-1, toExpelCount=0

2023-06-20 23:52:34,333 INFO Check over limit for ip limit rule, over limit ip count=0

2023-06-20 23:52:34,334 INFO Out dated connection ,size=0

2023-06-20 23:52:34,335 INFO Connection check task end

2023-06-20 23:52:37,335 INFO Connection check task start

2023-06-20 23:52:37,337 INFO Total count =0, sdkCount=0,clusterCount=0, currentLimit=-1, toExpelCount=0

2023-06-20 23:52:37,338 INFO Check over limit for ip limit rule, over limit ip count=0

2023-06-20 23:52:37,338 INFO Out dated connection ,size=0

2023-06-20 23:52:37,339 INFO Connection check task end

2023-06-20 23:52:40,339 INFO Connection check task start

2023-06-20 23:52:40,341 INFO Total count =0, sdkCount=0,clusterCount=0, currentLimit=-1, toExpelCount=0

2023-06-20 23:52:40,341 INFO Check over limit for ip limit rule, over limit ip count=0

2023-06-20 23:52:40,342 INFO Out dated connection ,size=0

2023-06-20 23:52:40,342 INFO Connection check task end

2023-06-20 23:52:43,343 INFO Connection check task start

2023-06-20 23:52:43,345 INFO Total count =0, sdkCount=0,clusterCount=0, currentLimit=-1, toExpelCount=0

2023-06-20 23:52:43,346 INFO Check over limit for ip limit rule, over limit ip count=0

2023-06-20 23:52:43,347 INFO Out dated connection ,size=0

2023-06-20 23:52:43,347 INFO Connection check task end

2023-06-20 23:52:46,348 INFO Connection check task start

2023-06-20 23:52:46,350 INFO Total count =0, sdkCount=0,clusterCount=0, currentLimit=-1, toExpelCount=0

2023-06-20 23:52:46,351 INFO Check over limit for ip limit rule, over limit ip count=0

2023-06-20 23:52:46,352 INFO Out dated connection ,size=0

2023-06-20 23:52:46,353 INFO Connection check task end

2023-06-20 23:52:49,353 INFO Connection check task start

2023-06-20 23:52:49,354 INFO Total count =0, sdkCount=0,clusterCount=0, currentLimit=-1, toExpelCount=0

2023-06-20 23:52:49,355 INFO Check over limit for ip limit rule, over limit ip count=0

2023-06-20 23:52:49,356 INFO Out dated connection ,size=0

2023-06-20 23:52:49,357 INFO Connection check task end

2023-06-20 23:52:52,357 INFO Connection check task start

2023-06-20 23:52:52,359 INFO Total count =0, sdkCount=0,clusterCount=0, currentLimit=-1, toExpelCount=0

2023-06-20 23:52:52,359 INFO Check over limit for ip limit rule, over limit ip count=0

2023-06-20 23:52:52,360 INFO Out dated connection ,size=0

2023-06-20 23:52:52,360 INFO Connection check task end

2023-06-20 23:52:55,361 INFO Connection check task start

2023-06-20 23:52:55,363 INFO Total count =0, sdkCount=0,clusterCount=0, currentLimit=-1, toExpelCount=0

2023-06-20 23:52:55,364 INFO Check over limit for ip limit rule, over limit ip count=0

2023-06-20 23:52:55,364 INFO Out dated connection ,size=0

2023-06-20 23:52:55,365 INFO Connection check task end

2023-06-20 23:52:58,367 INFO Connection check task start

2023-06-20 23:52:58,368 INFO Total count =0, sdkCount=0,clusterCount=0, currentLimit=-1, toExpelCount=0

2023-06-20 23:52:58,369 INFO Check over limit for ip limit rule, over limit ip count=0

2023-06-20 23:52:58,370 INFO Out dated connection ,size=0

2023-06-20 23:52:58,370 INFO Connection check task end

2023-06-20 23:53:01,371 INFO Connection check task start

2023-06-20 23:53:01,372 INFO Total count =0, sdkCount=0,clusterCount=0, currentLimit=-1, toExpelCount=0

2023-06-20 23:53:01,373 INFO Check over limit for ip limit rule, over limit ip count=0

2023-06-20 23:53:01,374 INFO Out dated connection ,size=0

2023-06-20 23:53:01,375 INFO Connection check task end

2023-06-20 23:53:04,375 INFO Connection check task start

2023-06-20 23:53:04,377 INFO Total count =0, sdkCount=0,clusterCount=0, currentLimit=-1, toExpelCount=0

2023-06-20 23:53:04,377 INFO Check over limit for ip limit rule, over limit ip count=0

2023-06-20 23:53:04,378 INFO Out dated connection ,size=0

2023-06-20 23:53:04,378 INFO Connection check task end

2023-06-20 23:53:07,379 INFO Connection check task start

2023-06-20 23:53:07,380 INFO Total count =0, sdkCount=0,clusterCount=0, currentLimit=-1, toExpelCount=0

2023-06-20 23:53:07,381 INFO Check over limit for ip limit rule, over limit ip count=0

2023-06-20 23:53:07,382 INFO Out dated connection ,size=0

2023-06-20 23:53:07,383 INFO Connection check task end

2023-06-20 23:53:10,384 INFO Connection check task start

2023-06-20 23:53:10,386 INFO Total count =0, sdkCount=0,clusterCount=0, currentLimit=-1, toExpelCount=0

2023-06-20 23:53:10,386 INFO Check over limit for ip limit rule, over limit ip count=0

2023-06-20 23:53:10,388 INFO Out dated connection ,size=0

2023-06-20 23:53:10,388 INFO Connection check task end

2023-06-20 23:53:13,389 INFO Connection check task start

2023-06-20 23:53:13,391 INFO Total count =0, sdkCount=0,clusterCount=0, currentLimit=-1, toExpelCount=0

2023-06-20 23:53:13,392 INFO Check over limit for ip limit rule, over limit ip count=0

2023-06-20 23:53:13,393 INFO Out dated connection ,size=0

2023-06-20 23:53:13,394 INFO Connection check task end

2023-06-20 23:53:16,395 INFO Connection check task start

2023-06-20 23:53:16,397 INFO Total count =0, sdkCount=0,clusterCount=0, currentLimit=-1, toExpelCount=0

2023-06-20 23:53:16,398 INFO Check over limit for ip limit rule, over limit ip count=0

2023-06-20 23:53:16,398 INFO Out dated connection ,size=0

2023-06-20 23:53:16,398 INFO Connection check task end

2023-06-20 23:53:19,399 INFO Connection check task start

2023-06-20 23:53:19,400 INFO Total count =0, sdkCount=0,clusterCount=0, currentLimit=-1, toExpelCount=0

2023-06-20 23:53:19,401 INFO Check over limit for ip limit rule, over limit ip count=0

2023-06-20 23:53:19,402 INFO Out dated connection ,size=0

2023-06-20 23:53:19,403 INFO Connection check task end

2023-06-20 23:53:22,404 INFO Connection check task start

2023-06-20 23:53:22,405 INFO Total count =0, sdkCount=0,clusterCount=0, currentLimit=-1, toExpelCount=0

2023-06-20 23:53:22,406 INFO Check over limit for ip limit rule, over limit ip count=0

2023-06-20 23:53:22,406 INFO Out dated connection ,size=0

2023-06-20 23:53:22,407 INFO Connection check task end

2023-06-20 23:53:25,407 INFO Connection check task start

2023-06-20 23:53:25,409 INFO Total count =0, sdkCount=0,clusterCount=0, currentLimit=-1, toExpelCount=0

2023-06-20 23:53:25,410 INFO Check over limit for ip limit rule, over limit ip count=0

2023-06-20 23:53:25,410 INFO Out dated connection ,size=0

2023-06-20 23:53:25,411 INFO Connection check task end

2023-06-20 23:53:28,406 INFO Connection check task start

2023-06-20 23:53:28,408 INFO Total count =0, sdkCount=0,clusterCount=0, currentLimit=-1, toExpelCount=0

2023-06-20 23:53:28,408 INFO Check over limit for ip limit rule, over limit ip count=0

2023-06-20 23:53:28,408 INFO Out dated connection ,size=0

2023-06-20 23:53:28,409 INFO Connection check task end

2023-06-20 23:53:31,410 INFO Connection check task start

2023-06-20 23:53:31,411 INFO Total count =0, sdkCount=0,clusterCount=0, currentLimit=-1, toExpelCount=0

2023-06-20 23:53:31,412 INFO Check over limit for ip limit rule, over limit ip count=0

2023-06-20 23:53:31,413 INFO Out dated connection ,size=0

2023-06-20 23:53:31,414 INFO Connection check task end

2023-06-20 23:53:34,414 INFO Connection check task start

2023-06-20 23:53:34,415 INFO Total count =0, sdkCount=0,clusterCount=0, currentLimit=-1, toExpelCount=0

2023-06-20 23:53:34,416 INFO Check over limit for ip limit rule, over limit ip count=0

2023-06-20 23:53:34,417 INFO Out dated connection ,size=0

2023-06-20 23:53:34,417 INFO Connection check task end

2023-06-20 23:53:37,418 INFO Connection check task start

2023-06-20 23:53:37,419 INFO Total count =0, sdkCount=0,clusterCount=0, currentLimit=-1, toExpelCount=0

2023-06-20 23:53:37,420 INFO Check over limit for ip limit rule, over limit ip count=0

2023-06-20 23:53:37,421 INFO Out dated connection ,size=0

2023-06-20 23:53:37,421 INFO Connection check task end

2023-06-20 23:53:40,422 INFO Connection check task start

2023-06-20 23:53:40,424 INFO Total count =0, sdkCount=0,clusterCount=0, currentLimit=-1, toExpelCount=0

2023-06-20 23:53:40,424 INFO Check over limit for ip limit rule, over limit ip count=0

2023-06-20 23:53:40,424 INFO Out dated connection ,size=0

2023-06-20 23:53:40,425 INFO Connection check task end

2023-06-20 23:53:43,426 INFO Connection check task start

2023-06-20 23:53:43,427 INFO Total count =0, sdkCount=0,clusterCount=0, currentLimit=-1, toExpelCount=0

2023-06-20 23:53:43,428 INFO Check over limit for ip limit rule, over limit ip count=0

2023-06-20 23:53:43,429 INFO Out dated connection ,size=0

2023-06-20 23:53:43,429 INFO Connection check task end

2023-06-20 23:53:46,430 INFO Connection check task start

2023-06-20 23:53:46,432 INFO Total count =0, sdkCount=0,clusterCount=0, currentLimit=-1, toExpelCount=0

2023-06-20 23:53:46,433 INFO Check over limit for ip limit rule, over limit ip count=0

2023-06-20 23:53:46,435 INFO Out dated connection ,size=0

2023-06-20 23:53:46,435 INFO Connection check task end

2023-06-20 23:53:49,436 INFO Connection check task start

2023-06-20 23:53:49,437 INFO Total count =0, sdkCount=0,clusterCount=0, currentLimit=-1, toExpelCount=0

2023-06-20 23:53:49,438 INFO Check over limit for ip limit rule, over limit ip count=0

2023-06-20 23:53:49,438 INFO Out dated connection ,size=0

2023-06-20 23:53:49,439 INFO Connection check task end

2023-06-20 23:53:52,440 INFO Connection check task start

2023-06-20 23:53:52,441 INFO Total count =0, sdkCount=0,clusterCount=0, currentLimit=-1, toExpelCount=0

2023-06-20 23:53:52,441 INFO Check over limit for ip limit rule, over limit ip count=0

2023-06-20 23:53:52,442 INFO Out dated connection ,size=0

2023-06-20 23:53:52,443 INFO Connection check task end

2023-06-20 23:53:55,444 INFO Connection check task start

2023-06-20 23:53:55,445 INFO Total count =0, sdkCount=0,clusterCount=0, currentLimit=-1, toExpelCount=0

2023-06-20 23:53:55,446 INFO Check over limit for ip limit rule, over limit ip count=0

2023-06-20 23:53:55,447 INFO Out dated connection ,size=0

2023-06-20 23:53:55,448 INFO Connection check task end

2023-06-20 23:53:58,448 INFO Connection check task start

2023-06-20 23:53:58,449 INFO Total count =0, sdkCount=0,clusterCount=0, currentLimit=-1, toExpelCount=0

2023-06-20 23:53:58,449 INFO Check over limit for ip limit rule, over limit ip count=0

2023-06-20 23:53:58,450 INFO Out dated connection ,size=0

2023-06-20 23:53:58,451 INFO Connection check task end

2023-06-20 23:54:01,451 INFO Connection check task start

2023-06-20 23:54:01,453 INFO Total count =0, sdkCount=0,clusterCount=0, currentLimit=-1, toExpelCount=0

2023-06-20 23:54:01,454 INFO Check over limit for ip limit rule, over limit ip count=0

2023-06-20 23:54:01,455 INFO Out dated connection ,size=0

2023-06-20 23:54:01,456 INFO Connection check task end

2023-06-20 23:54:04,456 INFO Connection check task start

2023-06-20 23:54:04,458 INFO Total count =0, sdkCount=0,clusterCount=0, currentLimit=-1, toExpelCount=0

2023-06-20 23:54:04,458 INFO Check over limit for ip limit rule, over limit ip count=0

2023-06-20 23:54:04,459 INFO Out dated connection ,size=0

2023-06-20 23:54:04,459 INFO Connection check task end

2023-06-20 23:54:07,460 INFO Connection check task start

2023-06-20 23:54:07,461 INFO Total count =0, sdkCount=0,clusterCount=0, currentLimit=-1, toExpelCount=0

2023-06-20 23:54:07,462 INFO Check over limit for ip limit rule, over limit ip count=0

2023-06-20 23:54:07,462 INFO Out dated connection ,size=0

2023-06-20 23:54:07,463 INFO Connection check task end

2023-06-20 23:54:10,464 INFO Connection check task start

2023-06-20 23:54:10,465 INFO Total count =0, sdkCount=0,clusterCount=0, currentLimit=-1, toExpelCount=0

2023-06-20 23:54:10,465 INFO Check over limit for ip limit rule, over limit ip count=0

2023-06-20 23:54:10,466 INFO Out dated connection ,size=0

2023-06-20 23:54:10,467 INFO Connection check task end

2023-06-20 23:54:13,467 INFO Connection check task start

2023-06-20 23:54:13,470 INFO Total count =0, sdkCount=0,clusterCount=0, currentLimit=-1, toExpelCount=0

2023-06-20 23:54:13,471 INFO Check over limit for ip limit rule, over limit ip count=0

2023-06-20 23:54:13,471 INFO Out dated connection ,size=0

2023-06-20 23:54:13,472 INFO Connection check task end

2023-06-20 23:54:16,472 INFO Connection check task start

2023-06-20 23:54:16,474 INFO Total count =0, sdkCount=0,clusterCount=0, currentLimit=-1, toExpelCount=0

2023-06-20 23:54:16,474 INFO Check over limit for ip limit rule, over limit ip count=0

2023-06-20 23:54:16,475 INFO Out dated connection ,size=0

2023-06-20 23:54:16,475 INFO Connection check task end

2023-06-20 23:54:19,476 INFO Connection check task start

2023-06-20 23:54:19,477 INFO Total count =0, sdkCount=0,clusterCount=0, currentLimit=-1, toExpelCount=0

2023-06-20 23:54:19,479 INFO Check over limit for ip limit rule, over limit ip count=0

2023-06-20 23:54:19,479 INFO Out dated connection ,size=0

2023-06-20 23:54:19,480 INFO Connection check task end

2023-06-20 23:54:22,481 INFO Connection check task start

2023-06-20 23:54:22,482 INFO Total count =0, sdkCount=0,clusterCount=0, currentLimit=-1, toExpelCount=0

2023-06-20 23:54:22,483 INFO Check over limit for ip limit rule, over limit ip count=0

2023-06-20 23:54:22,484 INFO Out dated connection ,size=0

2023-06-20 23:54:22,484 INFO Connection check task end

2023-06-20 23:54:25,485 INFO Connection check task start

2023-06-20 23:54:25,486 INFO Total count =0, sdkCount=0,clusterCount=0, currentLimit=-1, toExpelCount=0

2023-06-20 23:54:25,487 INFO Check over limit for ip limit rule, over limit ip count=0

2023-06-20 23:54:25,488 INFO Out dated connection ,size=0

2023-06-20 23:54:25,488 INFO Connection check task end

2023-06-20 23:54:28,490 INFO Connection check task start

2023-06-20 23:54:28,491 INFO Total count =0, sdkCount=0,clusterCount=0, currentLimit=-1, toExpelCount=0

2023-06-20 23:54:28,491 INFO Check over limit for ip limit rule, over limit ip count=0

2023-06-20 23:54:28,492 INFO Out dated connection ,size=0

2023-06-20 23:54:28,492 INFO Connection check task end

2023-06-20 23:54:31,493 INFO Connection check task start

2023-06-20 23:54:31,495 INFO Total count =0, sdkCount=0,clusterCount=0, currentLimit=-1, toExpelCount=0

2023-06-20 23:54:31,496 INFO Check over limit for ip limit rule, over limit ip count=0

2023-06-20 23:54:31,496 INFO Out dated connection ,size=0

2023-06-20 23:54:31,497 INFO Connection check task end

2023-06-20 23:54:34,497 INFO Connection check task start

2023-06-20 23:54:34,500 INFO Total count =0, sdkCount=0,clusterCount=0, currentLimit=-1, toExpelCount=0

2023-06-20 23:54:34,501 INFO Check over limit for ip limit rule, over limit ip count=0

2023-06-20 23:54:34,504 INFO Out dated connection ,size=0

2023-06-20 23:54:34,504 INFO Connection check task end

2023-06-20 23:54:37,505 INFO Connection check task start

2023-06-20 23:54:37,506 INFO Total count =0, sdkCount=0,clusterCount=0, currentLimit=-1, toExpelCount=0

2023-06-20 23:54:37,507 INFO Check over limit for ip limit rule, over limit ip count=0

2023-06-20 23:54:37,507 INFO Out dated connection ,size=0

2023-06-20 23:54:37,508 INFO Connection check task end

2023-06-20 23:54:40,509 INFO Connection check task start

2023-06-20 23:54:40,510 INFO Total count =0, sdkCount=0,clusterCount=0, currentLimit=-1, toExpelCount=0

2023-06-20 23:54:40,511 INFO Check over limit for ip limit rule, over limit ip count=0

2023-06-20 23:54:40,511 INFO Out dated connection ,size=0

2023-06-20 23:54:40,512 INFO Connection check task end

