2023-05-13 09:58:08,772 INFO [ClientConnectionEventListenerRegistry] registry listener - ConnectionBasedClientManager

2023-05-13 09:58:08,962 INFO Init loader limit rule from local,rule=

2023-05-13 10:13:40,322 INFO [ClientConnectionEventListenerRegistry] registry listener - ConnectionBasedClientManager

2023-05-13 10:13:40,562 INFO Init loader limit rule from local,rule=

2023-05-13 10:40:12,924 INFO [ClientConnectionEventListenerRegistry] registry listener - ConnectionBasedClientManager

2023-05-13 10:40:12,963 INFO Init loader limit rule from local,rule=

2023-05-13 10:42:48,536 INFO [ClientConnectionEventListenerRegistry] registry listener - ConnectionBasedClientManager

2023-05-13 10:42:48,586 INFO Init loader limit rule from local,rule=

2023-05-13 10:55:05,977 INFO [ClientConnectionEventListenerRegistry] registry listener - ConnectionBasedClientManager

2023-05-13 10:55:06,016 INFO Init loader limit rule from local,rule=

2023-05-13 11:12:13,578 INFO [ClientConnectionEventListenerRegistry] registry listener - ConnectionBasedClientManager

2023-05-13 11:12:13,775 INFO Init loader limit rule from local,rule=

2023-05-13 11:20:39,966 INFO [ClientConnectionEventListenerRegistry] registry listener - ConnectionBasedClientManager

2023-05-13 11:20:40,015 INFO Init loader limit rule from local,rule=

2023-05-13 11:22:08,173 INFO [ClientConnectionEventListenerRegistry] registry listener - ConnectionBasedClientManager

2023-05-13 11:22:08,226 INFO Init loader limit rule from local,rule=

2023-05-13 11:23:52,390 INFO [ClientConnectionEventListenerRegistry] registry listener - ConnectionBasedClientManager

2023-05-13 11:23:52,574 INFO Init loader limit rule from local,rule=

2023-05-13 11:23:53,041 INFO [ClientConnectionEventListenerRegistry] registry listener - ConfigConnectionEventListener

2023-05-13 11:23:53,064 INFO [ClientConnectionEventListenerRegistry] registry listener - RpcAckCallbackInitorOrCleaner

2023-05-13 11:23:53,809 INFO Nacos GrpcSdkServer Rpc server starting at port 9848

2023-05-13 11:23:55,101 INFO Nacos GrpcSdkServer Rpc server started at port 9848

2023-05-13 11:23:55,118 INFO Nacos GrpcClusterServer Rpc server starting at port 9849

2023-05-13 11:23:55,134 INFO Nacos GrpcClusterServer Rpc server started at port 9849

2023-05-13 11:28:04,942 INFO Nacos GrpcClusterServer Rpc server stopping

2023-05-13 11:28:04,917 INFO Nacos GrpcSdkServer Rpc server stopping

2023-05-13 11:28:04,983 INFO Nacos GrpcClusterServer Rpc server stopped successfully...

2023-05-13 11:28:04,985 INFO Nacos GrpcSdkServer Rpc server stopped successfully...

