2023-06-20 23:51:38,898 INFO Register tps control,pointName=CONFIG_PUSH_COUNT, point=com.alibaba.nacos.core.remote.control.TpsMonitorPoint@20c0a64d 

2023-06-20 23:51:38,931 INFO Load rule from local,pointName=CONFIG_PUSH_COUNT, ruleContent= 

2023-06-20 23:51:38,932 INFO Apply tps control rule parse start,pointName=[CONFIG_PUSH_COUNT]  

2023-06-20 23:51:38,933 INFO Clear point  control rule ,pointName=[CONFIG_PUSH_COUNT]  

2023-06-20 23:51:38,933 INFO Clear point  control rule for monitorKeys, pointName=[CONFIG_PUSH_COUNT]  

2023-06-20 23:51:38,935 INFO Register tps control,pointName=CONFIG_PUSH_SUCCESS, point=com.alibaba.nacos.core.remote.control.TpsMonitorPoint@455b6df1 

2023-06-20 23:51:38,935 INFO Load rule from local,pointName=CONFIG_PUSH_SUCCESS, ruleContent= 

2023-06-20 23:51:38,936 INFO Apply tps control rule parse start,pointName=[CONFIG_PUSH_SUCCESS]  

2023-06-20 23:51:38,936 INFO Clear point  control rule ,pointName=[CONFIG_PUSH_SUCCESS]  

2023-06-20 23:51:38,937 INFO Clear point  control rule for monitorKeys, pointName=[CONFIG_PUSH_SUCCESS]  

2023-06-20 23:51:38,938 INFO Register tps control,pointName=CONFIG_PUSH_FAIL, point=com.alibaba.nacos.core.remote.control.TpsMonitorPoint@4ddbbdf8 

2023-06-20 23:51:38,938 INFO Load rule from local,pointName=CONFIG_PUSH_FAIL, ruleContent= 

2023-06-20 23:51:38,939 INFO Apply tps control rule parse start,pointName=[CONFIG_PUSH_FAIL]  

2023-06-20 23:51:38,939 INFO Clear point  control rule ,pointName=[CONFIG_PUSH_FAIL]  

2023-06-20 23:51:38,940 INFO Clear point  control rule for monitorKeys, pointName=[CONFIG_PUSH_FAIL]  

2023-06-20 23:51:48,050 INFO Register tps control,pointName=ConfigQuery, point=com.alibaba.nacos.core.remote.control.TpsMonitorPoint@4215838f 

2023-06-20 23:51:48,059 INFO Load rule from local,pointName=ConfigQuery, ruleContent= 

2023-06-20 23:51:48,060 INFO Apply tps control rule parse start,pointName=[ConfigQuery]  

2023-06-20 23:51:48,066 INFO Clear point  control rule ,pointName=[ConfigQuery]  

2023-06-20 23:51:48,075 INFO Clear point  control rule for monitorKeys, pointName=[ConfigQuery]  

2023-06-20 23:51:48,081 INFO Register tps control,pointName=ClusterConfigChangeNotify, point=com.alibaba.nacos.core.remote.control.TpsMonitorPoint@452ba1db 

2023-06-20 23:51:48,082 INFO Load rule from local,pointName=ClusterConfigChangeNotify, ruleContent= 

2023-06-20 23:51:48,083 INFO Apply tps control rule parse start,pointName=[ClusterConfigChangeNotify]  

2023-06-20 23:51:48,090 INFO Clear point  control rule ,pointName=[ClusterConfigChangeNotify]  

2023-06-20 23:51:48,093 INFO Clear point  control rule for monitorKeys, pointName=[ClusterConfigChangeNotify]  

2023-06-20 23:51:48,095 INFO Register tps control,pointName=ConfigListen, point=com.alibaba.nacos.core.remote.control.TpsMonitorPoint@2289aca5 

2023-06-20 23:51:48,097 INFO Load rule from local,pointName=ConfigListen, ruleContent= 

2023-06-20 23:51:48,098 INFO Apply tps control rule parse start,pointName=[ConfigListen]  

2023-06-20 23:51:48,098 INFO Clear point  control rule ,pointName=[ConfigListen]  

2023-06-20 23:51:48,099 INFO Clear point  control rule for monitorKeys, pointName=[ConfigListen]  

2023-06-20 23:51:48,100 INFO Register tps control,pointName=ConfigRemove, point=com.alibaba.nacos.core.remote.control.TpsMonitorPoint@184497d1 

2023-06-20 23:51:48,101 INFO Load rule from local,pointName=ConfigRemove, ruleContent= 

2023-06-20 23:51:48,103 INFO Apply tps control rule parse start,pointName=[ConfigRemove]  

2023-06-20 23:51:48,105 INFO Clear point  control rule ,pointName=[ConfigRemove]  

2023-06-20 23:51:48,105 INFO Clear point  control rule for monitorKeys, pointName=[ConfigRemove]  

2023-06-20 23:51:48,106 INFO Register tps control,pointName=ConfigPublish, point=com.alibaba.nacos.core.remote.control.TpsMonitorPoint@f9d87b 

2023-06-20 23:51:48,107 INFO Load rule from local,pointName=ConfigPublish, ruleContent= 

2023-06-20 23:51:48,107 INFO Apply tps control rule parse start,pointName=[ConfigPublish]  

2023-06-20 23:51:48,108 INFO Clear point  control rule ,pointName=[ConfigPublish]  

2023-06-20 23:51:48,111 INFO Clear point  control rule for monitorKeys, pointName=[ConfigPublish]  

2023-06-20 23:51:48,112 INFO Register tps control,pointName=HealthCheck, point=com.alibaba.nacos.core.remote.control.TpsMonitorPoint@6ffab045 

2023-06-20 23:51:48,117 INFO Load rule from local,pointName=HealthCheck, ruleContent= 

2023-06-20 23:51:48,121 INFO Apply tps control rule parse start,pointName=[HealthCheck]  

2023-06-20 23:51:48,122 INFO Clear point  control rule ,pointName=[HealthCheck]  

2023-06-20 23:51:48,122 INFO Clear point  control rule for monitorKeys, pointName=[HealthCheck]  

